<?xml version="1.0" encoding="UTF-8"?>
<testsuite xmlns:xsi="http://www.w3.org/2001/XMLSchema-instance" xsi:noNamespaceSchemaLocation="https://maven.apache.org/surefire/maven-surefire-plugin/xsd/surefire-test-report.xsd" version="3.0.2" name="cucumber.Options.TestRunner" time="26.598" tests="6" errors="0" skipped="0" failures="0">
  <properties>
    <property name="sun.desktop" value="windows"/>
    <property name="awt.toolkit" value="sun.awt.windows.WToolkit"/>
    <property name="java.specification.version" value="11"/>
    <property name="sun.cpu.isalist" value="amd64"/>
    <property name="sun.jnu.encoding" value="Cp1252"/>
    <property name="java.class.path" value="C:\Users\anand\OneDrive\Desktop\Anandhi_Learning\Project\WebTestingBDD\target\test-classes;C:\Users\anand\OneDrive\Desktop\Anandhi_Learning\Project\WebTestingBDD\target\classes;C:\Users\anand\.m2\repository\org\seleniumhq\selenium\selenium-java\4.29.0\selenium-java-4.29.0.jar;C:\Users\anand\.m2\repository\org\seleniumhq\selenium\selenium-api\4.29.0\selenium-api-4.29.0.jar;C:\Users\anand\.m2\repository\org\jspecify\jspecify\1.0.0\jspecify-1.0.0.jar;C:\Users\anand\.m2\repository\org\seleniumhq\selenium\selenium-chrome-driver\4.29.0\selenium-chrome-driver-4.29.0.jar;C:\Users\anand\.m2\repository\com\google\auto\service\auto-service-annotations\1.1.1\auto-service-annotations-1.1.1.jar;C:\Users\anand\.m2\repository\org\seleniumhq\selenium\selenium-chromium-driver\4.29.0\selenium-chromium-driver-4.29.0.jar;C:\Users\anand\.m2\repository\org\seleniumhq\selenium\selenium-json\4.29.0\selenium-json-4.29.0.jar;C:\Users\anand\.m2\repository\org\seleniumhq\selenium\selenium-manager\4.29.0\selenium-manager-4.29.0.jar;C:\Users\anand\.m2\repository\org\seleniumhq\selenium\selenium-devtools-v131\4.29.0\selenium-devtools-v131-4.29.0.jar;C:\Users\anand\.m2\repository\org\seleniumhq\selenium\selenium-devtools-v132\4.29.0\selenium-devtools-v132-4.29.0.jar;C:\Users\anand\.m2\repository\org\seleniumhq\selenium\selenium-devtools-v133\4.29.0\selenium-devtools-v133-4.29.0.jar;C:\Users\anand\.m2\repository\org\seleniumhq\selenium\selenium-devtools-v85\4.29.0\selenium-devtools-v85-4.29.0.jar;C:\Users\anand\.m2\repository\org\seleniumhq\selenium\selenium-edge-driver\4.29.0\selenium-edge-driver-4.29.0.jar;C:\Users\anand\.m2\repository\org\seleniumhq\selenium\selenium-firefox-driver\4.29.0\selenium-firefox-driver-4.29.0.jar;C:\Users\anand\.m2\repository\org\seleniumhq\selenium\selenium-http\4.29.0\selenium-http-4.29.0.jar;C:\Users\anand\.m2\repository\org\seleniumhq\selenium\selenium-ie-driver\4.29.0\selenium-ie-driver-4.29.0.jar;C:\Users\anand\.m2\repository\org\seleniumhq\selenium\selenium-remote-driver\4.29.0\selenium-remote-driver-4.29.0.jar;C:\Users\anand\.m2\repository\com\google\guava\guava\33.4.0-jre\guava-33.4.0-jre.jar;C:\Users\anand\.m2\repository\com\google\guava\failureaccess\1.0.2\failureaccess-1.0.2.jar;C:\Users\anand\.m2\repository\com\google\guava\listenablefuture\9999.0-empty-to-avoid-conflict-with-guava\listenablefuture-9999.0-empty-to-avoid-conflict-with-guava.jar;C:\Users\anand\.m2\repository\com\google\code\findbugs\jsr305\3.0.2\jsr305-3.0.2.jar;C:\Users\anand\.m2\repository\org\checkerframework\checker-qual\3.43.0\checker-qual-3.43.0.jar;C:\Users\anand\.m2\repository\com\google\errorprone\error_prone_annotations\2.36.0\error_prone_annotations-2.36.0.jar;C:\Users\anand\.m2\repository\com\google\j2objc\j2objc-annotations\3.0.0\j2objc-annotations-3.0.0.jar;C:\Users\anand\.m2\repository\io\opentelemetry\semconv\opentelemetry-semconv\1.28.0-alpha\opentelemetry-semconv-1.28.0-alpha.jar;C:\Users\anand\.m2\repository\io\opentelemetry\opentelemetry-api\1.46.0\opentelemetry-api-1.46.0.jar;C:\Users\anand\.m2\repository\io\opentelemetry\opentelemetry-context\1.46.0\opentelemetry-context-1.46.0.jar;C:\Users\anand\.m2\repository\io\opentelemetry\opentelemetry-exporter-logging\1.46.0\opentelemetry-exporter-logging-1.46.0.jar;C:\Users\anand\.m2\repository\io\opentelemetry\opentelemetry-sdk-common\1.46.0\opentelemetry-sdk-common-1.46.0.jar;C:\Users\anand\.m2\repository\io\opentelemetry\opentelemetry-sdk-extension-autoconfigure-spi\1.46.0\opentelemetry-sdk-extension-autoconfigure-spi-1.46.0.jar;C:\Users\anand\.m2\repository\io\opentelemetry\opentelemetry-sdk-extension-autoconfigure\1.46.0\opentelemetry-sdk-extension-autoconfigure-1.46.0.jar;C:\Users\anand\.m2\repository\io\opentelemetry\opentelemetry-api-incubator\1.46.0-alpha\opentelemetry-api-incubator-1.46.0-alpha.jar;C:\Users\anand\.m2\repository\io\opentelemetry\opentelemetry-sdk-trace\1.46.0\opentelemetry-sdk-trace-1.46.0.jar;C:\Users\anand\.m2\repository\io\opentelemetry\opentelemetry-sdk\1.46.0\opentelemetry-sdk-1.46.0.jar;C:\Users\anand\.m2\repository\io\opentelemetry\opentelemetry-sdk-metrics\1.46.0\opentelemetry-sdk-metrics-1.46.0.jar;C:\Users\anand\.m2\repository\io\opentelemetry\opentelemetry-sdk-logs\1.46.0\opentelemetry-sdk-logs-1.46.0.jar;C:\Users\anand\.m2\repository\net\bytebuddy\byte-buddy\1.15.11\byte-buddy-1.15.11.jar;C:\Users\anand\.m2\repository\org\seleniumhq\selenium\selenium-os\4.29.0\selenium-os-4.29.0.jar;C:\Users\anand\.m2\repository\org\apache\commons\commons-exec\1.4.0\commons-exec-1.4.0.jar;C:\Users\anand\.m2\repository\org\seleniumhq\selenium\selenium-safari-driver\4.29.0\selenium-safari-driver-4.29.0.jar;C:\Users\anand\.m2\repository\org\seleniumhq\selenium\selenium-support\4.29.0\selenium-support-4.29.0.jar;C:\Users\anand\.m2\repository\io\github\bonigarcia\webdrivermanager\5.3.0\webdrivermanager-5.3.0.jar;C:\Users\anand\.m2\repository\org\slf4j\slf4j-api\1.7.36\slf4j-api-1.7.36.jar;C:\Users\anand\.m2\repository\com\google\code\gson\gson\2.9.1\gson-2.9.1.jar;C:\Users\anand\.m2\repository\com\github\docker-java\docker-java\3.2.13\docker-java-3.2.13.jar;C:\Users\anand\.m2\repository\com\github\docker-java\docker-java-core\3.2.13\docker-java-core-3.2.13.jar;C:\Users\anand\.m2\repository\com\github\docker-java\docker-java-api\3.2.13\docker-java-api-3.2.13.jar;C:\Users\anand\.m2\repository\org\apache\commons\commons-compress\1.21\commons-compress-1.21.jar;C:\Users\anand\.m2\repository\org\bouncycastle\bcpkix-jdk15on\1.64\bcpkix-jdk15on-1.64.jar;C:\Users\anand\.m2\repository\org\bouncycastle\bcprov-jdk15on\1.64\bcprov-jdk15on-1.64.jar;C:\Users\anand\.m2\repository\com\github\docker-java\docker-java-transport-httpclient5\3.2.13\docker-java-transport-httpclient5-3.2.13.jar;C:\Users\anand\.m2\repository\com\github\docker-java\docker-java-transport\3.2.13\docker-java-transport-3.2.13.jar;C:\Users\anand\.m2\repository\net\java\dev\jna\jna\5.8.0\jna-5.8.0.jar;C:\Users\anand\.m2\repository\org\brotli\dec\0.1.2\dec-0.1.2.jar;C:\Users\anand\.m2\repository\org\apache\commons\commons-lang3\3.12.0\commons-lang3-3.12.0.jar;C:\Users\anand\.m2\repository\org\apache\httpcomponents\client5\httpclient5\5.1.3\httpclient5-5.1.3.jar;C:\Users\anand\.m2\repository\org\apache\httpcomponents\core5\httpcore5\5.1.3\httpcore5-5.1.3.jar;C:\Users\anand\.m2\repository\org\apache\httpcomponents\core5\httpcore5-h2\5.1.3\httpcore5-h2-5.1.3.jar;C:\Users\anand\.m2\repository\commons-codec\commons-codec\1.15\commons-codec-1.15.jar;C:\Users\anand\.m2\repository\io\cucumber\cucumber-java\7.20.1\cucumber-java-7.20.1.jar;C:\Users\anand\.m2\repository\io\cucumber\cucumber-core\7.20.1\cucumber-core-7.20.1.jar;C:\Users\anand\.m2\repository\io\cucumber\cucumber-gherkin\7.20.1\cucumber-gherkin-7.20.1.jar;C:\Users\anand\.m2\repository\io\cucumber\cucumber-gherkin-messages\7.20.1\cucumber-gherkin-messages-7.20.1.jar;C:\Users\anand\.m2\repository\io\cucumber\gherkin\28.0.0\gherkin-28.0.0.jar;C:\Users\anand\.m2\repository\io\cucumber\messages\24.1.0\messages-24.1.0.jar;C:\Users\anand\.m2\repository\io\cucumber\testng-xml-formatter\0.2.0\testng-xml-formatter-0.2.0.jar;C:\Users\anand\.m2\repository\io\cucumber\query\12.2.0\query-12.2.0.jar;C:\Users\anand\.m2\repository\io\cucumber\tag-expressions\6.1.0\tag-expressions-6.1.0.jar;C:\Users\anand\.m2\repository\io\cucumber\cucumber-expressions\17.1.0\cucumber-expressions-17.1.0.jar;C:\Users\anand\.m2\repository\io\cucumber\datatable\7.20.1\datatable-7.20.1.jar;C:\Users\anand\.m2\repository\io\cucumber\cucumber-plugin\7.20.1\cucumber-plugin-7.20.1.jar;C:\Users\anand\.m2\repository\io\cucumber\docstring\7.20.1\docstring-7.20.1.jar;C:\Users\anand\.m2\repository\io\cucumber\html-formatter\21.7.0\html-formatter-21.7.0.jar;C:\Users\anand\.m2\repository\io\cucumber\junit-xml-formatter\0.5.0\junit-xml-formatter-0.5.0.jar;C:\Users\anand\.m2\repository\io\cucumber\ci-environment\10.0.1\ci-environment-10.0.1.jar;C:\Users\anand\.m2\repository\org\apiguardian\apiguardian-api\1.1.2\apiguardian-api-1.1.2.jar;C:\Users\anand\.m2\repository\io\cucumber\cucumber-junit\7.20.1\cucumber-junit-7.20.1.jar;C:\Users\anand\.m2\repository\com\fasterxml\jackson\core\jackson-databind\2.18.2\jackson-databind-2.18.2.jar;C:\Users\anand\.m2\repository\com\fasterxml\jackson\core\jackson-annotations\2.18.2\jackson-annotations-2.18.2.jar;C:\Users\anand\.m2\repository\com\fasterxml\jackson\core\jackson-core\2.18.2\jackson-core-2.18.2.jar;C:\Users\anand\.m2\repository\org\apache\groovy\groovy\4.0.24\groovy-4.0.24.jar;C:\Users\anand\.m2\repository\junit\junit\4.13.2\junit-4.13.2.jar;C:\Users\anand\.m2\repository\org\hamcrest\hamcrest-core\1.3\hamcrest-core-1.3.jar;C:\Users\anand\.m2\repository\org\slf4j\slf4j-simple\1.7.36\slf4j-simple-1.7.36.jar;C:\Users\anand\.m2\repository\net\masterthought\cucumber-reporting\5.8.4\cucumber-reporting-5.8.4.jar;C:\Users\anand\.m2\repository\com\fasterxml\jackson\datatype\jackson-datatype-jsr310\2.18.1\jackson-datatype-jsr310-2.18.1.jar;C:\Users\anand\.m2\repository\org\apache\velocity\velocity-engine-core\2.4.1\velocity-engine-core-2.4.1.jar;C:\Users\anand\.m2\repository\joda-time\joda-time\2.13.0\joda-time-2.13.0.jar;C:\Users\anand\.m2\repository\org\apache\commons\commons-configuration2\2.11.0\commons-configuration2-2.11.0.jar;C:\Users\anand\.m2\repository\commons-io\commons-io\2.17.0\commons-io-2.17.0.jar;C:\Users\anand\.m2\repository\org\apache\commons\commons-text\1.12.0\commons-text-1.12.0.jar;C:\Users\anand\.m2\repository\org\jsoup\jsoup\1.18.1\jsoup-1.18.1.jar;C:\Users\anand\.m2\repository\com\googlecode\owasp-java-html-sanitizer\owasp-java-html-sanitizer\20240325.1\owasp-java-html-sanitizer-20240325.1.jar;C:\Users\anand\.m2\repository\com\googlecode\owasp-java-html-sanitizer\java8-shim\20240325.1\java8-shim-20240325.1.jar;C:\Users\anand\.m2\repository\com\googlecode\owasp-java-html-sanitizer\java10-shim\20240325.1\java10-shim-20240325.1.jar;C:\Users\anand\.m2\repository\org\slf4j\jcl-over-slf4j\2.0.16\jcl-over-slf4j-2.0.16.jar;C:\Users\anand\.m2\repository\io\qameta\allure\allure-cucumber7-jvm\2.29.0\allure-cucumber7-jvm-2.29.0.jar;C:\Users\anand\.m2\repository\io\qameta\allure\allure-java-commons\2.29.0\allure-java-commons-2.29.0.jar;C:\Users\anand\.m2\repository\io\qameta\allure\allure-model\2.29.0\allure-model-2.29.0.jar;C:\Users\anand\.m2\repository\io\qameta\allure\allure-junit4\2.29.0\allure-junit4-2.29.0.jar;C:\Users\anand\.m2\repository\io\qameta\allure\allure-test-filter\2.29.0\allure-test-filter-2.29.0.jar;C:\Users\anand\.m2\repository\org\influxdb\influxdb-java\2.21\influxdb-java-2.21.jar;C:\Users\anand\.m2\repository\com\squareup\retrofit2\retrofit\2.9.0\retrofit-2.9.0.jar;C:\Users\anand\.m2\repository\com\squareup\retrofit2\converter-moshi\2.9.0\converter-moshi-2.9.0.jar;C:\Users\anand\.m2\repository\com\squareup\moshi\moshi\1.8.0\moshi-1.8.0.jar;C:\Users\anand\.m2\repository\org\msgpack\msgpack-core\0.8.21\msgpack-core-0.8.21.jar;C:\Users\anand\.m2\repository\com\squareup\okhttp3\okhttp\4.9.0\okhttp-4.9.0.jar;C:\Users\anand\.m2\repository\com\squareup\okio\okio\2.8.0\okio-2.8.0.jar;C:\Users\anand\.m2\repository\org\jetbrains\kotlin\kotlin-stdlib-common\1.4.0\kotlin-stdlib-common-1.4.0.jar;C:\Users\anand\.m2\repository\org\jetbrains\kotlin\kotlin-stdlib\1.4.10\kotlin-stdlib-1.4.10.jar;C:\Users\anand\.m2\repository\org\jetbrains\annotations\13.0\annotations-13.0.jar;C:\Users\anand\.m2\repository\com\squareup\okhttp3\logging-interceptor\4.9.0\logging-interceptor-4.9.0.jar;C:\Users\anand\.m2\repository\org\jetbrains\kotlin\kotlin-stdlib-jdk8\1.4.10\kotlin-stdlib-jdk8-1.4.10.jar;C:\Users\anand\.m2\repository\org\jetbrains\kotlin\kotlin-stdlib-jdk7\1.4.10\kotlin-stdlib-jdk7-1.4.10.jar;"/>
    <property name="java.vm.vendor" value="Oracle Corporation"/>
    <property name="sun.arch.data.model" value="64"/>
    <property name="user.variant" value=""/>
    <property name="java.vendor.url" value="https://openjdk.java.net/"/>
    <property name="user.timezone" value="America/New_York"/>
    <property name="java.vm.specification.version" value="11"/>
    <property name="os.name" value="Windows 10"/>
    <property name="sun.java.launcher" value="SUN_STANDARD"/>
    <property name="user.country" value="US"/>
    <property name="sun.boot.library.path" value="C:\Program Files\Java\jdk-11.0.20\bin"/>
    <property name="sun.java.command" value="C:\Users\anand\AppData\Local\Temp\surefire11425951543319375927\surefirebooter-20250228154450889_3.jar C:\Users\anand\AppData\Local\Temp\surefire11425951543319375927 2025-02-28T15-44-50_091-jvmRun1 surefire-20250228154450889_1tmp surefire_0-20250228154450889_2tmp"/>
    <property name="jdk.debug" value="release"/>
    <property name="surefire.test.class.path" value="C:\Users\anand\OneDrive\Desktop\Anandhi_Learning\Project\WebTestingBDD\target\test-classes;C:\Users\anand\OneDrive\Desktop\Anandhi_Learning\Project\WebTestingBDD\target\classes;C:\Users\anand\.m2\repository\org\seleniumhq\selenium\selenium-java\4.29.0\selenium-java-4.29.0.jar;C:\Users\anand\.m2\repository\org\seleniumhq\selenium\selenium-api\4.29.0\selenium-api-4.29.0.jar;C:\Users\anand\.m2\repository\org\jspecify\jspecify\1.0.0\jspecify-1.0.0.jar;C:\Users\anand\.m2\repository\org\seleniumhq\selenium\selenium-chrome-driver\4.29.0\selenium-chrome-driver-4.29.0.jar;C:\Users\anand\.m2\repository\com\google\auto\service\auto-service-annotations\1.1.1\auto-service-annotations-1.1.1.jar;C:\Users\anand\.m2\repository\org\seleniumhq\selenium\selenium-chromium-driver\4.29.0\selenium-chromium-driver-4.29.0.jar;C:\Users\anand\.m2\repository\org\seleniumhq\selenium\selenium-json\4.29.0\selenium-json-4.29.0.jar;C:\Users\anand\.m2\repository\org\seleniumhq\selenium\selenium-manager\4.29.0\selenium-manager-4.29.0.jar;C:\Users\anand\.m2\repository\org\seleniumhq\selenium\selenium-devtools-v131\4.29.0\selenium-devtools-v131-4.29.0.jar;C:\Users\anand\.m2\repository\org\seleniumhq\selenium\selenium-devtools-v132\4.29.0\selenium-devtools-v132-4.29.0.jar;C:\Users\anand\.m2\repository\org\seleniumhq\selenium\selenium-devtools-v133\4.29.0\selenium-devtools-v133-4.29.0.jar;C:\Users\anand\.m2\repository\org\seleniumhq\selenium\selenium-devtools-v85\4.29.0\selenium-devtools-v85-4.29.0.jar;C:\Users\anand\.m2\repository\org\seleniumhq\selenium\selenium-edge-driver\4.29.0\selenium-edge-driver-4.29.0.jar;C:\Users\anand\.m2\repository\org\seleniumhq\selenium\selenium-firefox-driver\4.29.0\selenium-firefox-driver-4.29.0.jar;C:\Users\anand\.m2\repository\org\seleniumhq\selenium\selenium-http\4.29.0\selenium-http-4.29.0.jar;C:\Users\anand\.m2\repository\org\seleniumhq\selenium\selenium-ie-driver\4.29.0\selenium-ie-driver-4.29.0.jar;C:\Users\anand\.m2\repository\org\seleniumhq\selenium\selenium-remote-driver\4.29.0\selenium-remote-driver-4.29.0.jar;C:\Users\anand\.m2\repository\com\google\guava\guava\33.4.0-jre\guava-33.4.0-jre.jar;C:\Users\anand\.m2\repository\com\google\guava\failureaccess\1.0.2\failureaccess-1.0.2.jar;C:\Users\anand\.m2\repository\com\google\guava\listenablefuture\9999.0-empty-to-avoid-conflict-with-guava\listenablefuture-9999.0-empty-to-avoid-conflict-with-guava.jar;C:\Users\anand\.m2\repository\com\google\code\findbugs\jsr305\3.0.2\jsr305-3.0.2.jar;C:\Users\anand\.m2\repository\org\checkerframework\checker-qual\3.43.0\checker-qual-3.43.0.jar;C:\Users\anand\.m2\repository\com\google\errorprone\error_prone_annotations\2.36.0\error_prone_annotations-2.36.0.jar;C:\Users\anand\.m2\repository\com\google\j2objc\j2objc-annotations\3.0.0\j2objc-annotations-3.0.0.jar;C:\Users\anand\.m2\repository\io\opentelemetry\semconv\opentelemetry-semconv\1.28.0-alpha\opentelemetry-semconv-1.28.0-alpha.jar;C:\Users\anand\.m2\repository\io\opentelemetry\opentelemetry-api\1.46.0\opentelemetry-api-1.46.0.jar;C:\Users\anand\.m2\repository\io\opentelemetry\opentelemetry-context\1.46.0\opentelemetry-context-1.46.0.jar;C:\Users\anand\.m2\repository\io\opentelemetry\opentelemetry-exporter-logging\1.46.0\opentelemetry-exporter-logging-1.46.0.jar;C:\Users\anand\.m2\repository\io\opentelemetry\opentelemetry-sdk-common\1.46.0\opentelemetry-sdk-common-1.46.0.jar;C:\Users\anand\.m2\repository\io\opentelemetry\opentelemetry-sdk-extension-autoconfigure-spi\1.46.0\opentelemetry-sdk-extension-autoconfigure-spi-1.46.0.jar;C:\Users\anand\.m2\repository\io\opentelemetry\opentelemetry-sdk-extension-autoconfigure\1.46.0\opentelemetry-sdk-extension-autoconfigure-1.46.0.jar;C:\Users\anand\.m2\repository\io\opentelemetry\opentelemetry-api-incubator\1.46.0-alpha\opentelemetry-api-incubator-1.46.0-alpha.jar;C:\Users\anand\.m2\repository\io\opentelemetry\opentelemetry-sdk-trace\1.46.0\opentelemetry-sdk-trace-1.46.0.jar;C:\Users\anand\.m2\repository\io\opentelemetry\opentelemetry-sdk\1.46.0\opentelemetry-sdk-1.46.0.jar;C:\Users\anand\.m2\repository\io\opentelemetry\opentelemetry-sdk-metrics\1.46.0\opentelemetry-sdk-metrics-1.46.0.jar;C:\Users\anand\.m2\repository\io\opentelemetry\opentelemetry-sdk-logs\1.46.0\opentelemetry-sdk-logs-1.46.0.jar;C:\Users\anand\.m2\repository\net\bytebuddy\byte-buddy\1.15.11\byte-buddy-1.15.11.jar;C:\Users\anand\.m2\repository\org\seleniumhq\selenium\selenium-os\4.29.0\selenium-os-4.29.0.jar;C:\Users\anand\.m2\repository\org\apache\commons\commons-exec\1.4.0\commons-exec-1.4.0.jar;C:\Users\anand\.m2\repository\org\seleniumhq\selenium\selenium-safari-driver\4.29.0\selenium-safari-driver-4.29.0.jar;C:\Users\anand\.m2\repository\org\seleniumhq\selenium\selenium-support\4.29.0\selenium-support-4.29.0.jar;C:\Users\anand\.m2\repository\io\github\bonigarcia\webdrivermanager\5.3.0\webdrivermanager-5.3.0.jar;C:\Users\anand\.m2\repository\org\slf4j\slf4j-api\1.7.36\slf4j-api-1.7.36.jar;C:\Users\anand\.m2\repository\com\google\code\gson\gson\2.9.1\gson-2.9.1.jar;C:\Users\anand\.m2\repository\com\github\docker-java\docker-java\3.2.13\docker-java-3.2.13.jar;C:\Users\anand\.m2\repository\com\github\docker-java\docker-java-core\3.2.13\docker-java-core-3.2.13.jar;C:\Users\anand\.m2\repository\com\github\docker-java\docker-java-api\3.2.13\docker-java-api-3.2.13.jar;C:\Users\anand\.m2\repository\org\apache\commons\commons-compress\1.21\commons-compress-1.21.jar;C:\Users\anand\.m2\repository\org\bouncycastle\bcpkix-jdk15on\1.64\bcpkix-jdk15on-1.64.jar;C:\Users\anand\.m2\repository\org\bouncycastle\bcprov-jdk15on\1.64\bcprov-jdk15on-1.64.jar;C:\Users\anand\.m2\repository\com\github\docker-java\docker-java-transport-httpclient5\3.2.13\docker-java-transport-httpclient5-3.2.13.jar;C:\Users\anand\.m2\repository\com\github\docker-java\docker-java-transport\3.2.13\docker-java-transport-3.2.13.jar;C:\Users\anand\.m2\repository\net\java\dev\jna\jna\5.8.0\jna-5.8.0.jar;C:\Users\anand\.m2\repository\org\brotli\dec\0.1.2\dec-0.1.2.jar;C:\Users\anand\.m2\repository\org\apache\commons\commons-lang3\3.12.0\commons-lang3-3.12.0.jar;C:\Users\anand\.m2\repository\org\apache\httpcomponents\client5\httpclient5\5.1.3\httpclient5-5.1.3.jar;C:\Users\anand\.m2\repository\org\apache\httpcomponents\core5\httpcore5\5.1.3\httpcore5-5.1.3.jar;C:\Users\anand\.m2\repository\org\apache\httpcomponents\core5\httpcore5-h2\5.1.3\httpcore5-h2-5.1.3.jar;C:\Users\anand\.m2\repository\commons-codec\commons-codec\1.15\commons-codec-1.15.jar;C:\Users\anand\.m2\repository\io\cucumber\cucumber-java\7.20.1\cucumber-java-7.20.1.jar;C:\Users\anand\.m2\repository\io\cucumber\cucumber-core\7.20.1\cucumber-core-7.20.1.jar;C:\Users\anand\.m2\repository\io\cucumber\cucumber-gherkin\7.20.1\cucumber-gherkin-7.20.1.jar;C:\Users\anand\.m2\repository\io\cucumber\cucumber-gherkin-messages\7.20.1\cucumber-gherkin-messages-7.20.1.jar;C:\Users\anand\.m2\repository\io\cucumber\gherkin\28.0.0\gherkin-28.0.0.jar;C:\Users\anand\.m2\repository\io\cucumber\messages\24.1.0\messages-24.1.0.jar;C:\Users\anand\.m2\repository\io\cucumber\testng-xml-formatter\0.2.0\testng-xml-formatter-0.2.0.jar;C:\Users\anand\.m2\repository\io\cucumber\query\12.2.0\query-12.2.0.jar;C:\Users\anand\.m2\repository\io\cucumber\tag-expressions\6.1.0\tag-expressions-6.1.0.jar;C:\Users\anand\.m2\repository\io\cucumber\cucumber-expressions\17.1.0\cucumber-expressions-17.1.0.jar;C:\Users\anand\.m2\repository\io\cucumber\datatable\7.20.1\datatable-7.20.1.jar;C:\Users\anand\.m2\repository\io\cucumber\cucumber-plugin\7.20.1\cucumber-plugin-7.20.1.jar;C:\Users\anand\.m2\repository\io\cucumber\docstring\7.20.1\docstring-7.20.1.jar;C:\Users\anand\.m2\repository\io\cucumber\html-formatter\21.7.0\html-formatter-21.7.0.jar;C:\Users\anand\.m2\repository\io\cucumber\junit-xml-formatter\0.5.0\junit-xml-formatter-0.5.0.jar;C:\Users\anand\.m2\repository\io\cucumber\ci-environment\10.0.1\ci-environment-10.0.1.jar;C:\Users\anand\.m2\repository\org\apiguardian\apiguardian-api\1.1.2\apiguardian-api-1.1.2.jar;C:\Users\anand\.m2\repository\io\cucumber\cucumber-junit\7.20.1\cucumber-junit-7.20.1.jar;C:\Users\anand\.m2\repository\com\fasterxml\jackson\core\jackson-databind\2.18.2\jackson-databind-2.18.2.jar;C:\Users\anand\.m2\repository\com\fasterxml\jackson\core\jackson-annotations\2.18.2\jackson-annotations-2.18.2.jar;C:\Users\anand\.m2\repository\com\fasterxml\jackson\core\jackson-core\2.18.2\jackson-core-2.18.2.jar;C:\Users\anand\.m2\repository\org\apache\groovy\groovy\4.0.24\groovy-4.0.24.jar;C:\Users\anand\.m2\repository\junit\junit\4.13.2\junit-4.13.2.jar;C:\Users\anand\.m2\repository\org\hamcrest\hamcrest-core\1.3\hamcrest-core-1.3.jar;C:\Users\anand\.m2\repository\org\slf4j\slf4j-simple\1.7.36\slf4j-simple-1.7.36.jar;C:\Users\anand\.m2\repository\net\masterthought\cucumber-reporting\5.8.4\cucumber-reporting-5.8.4.jar;C:\Users\anand\.m2\repository\com\fasterxml\jackson\datatype\jackson-datatype-jsr310\2.18.1\jackson-datatype-jsr310-2.18.1.jar;C:\Users\anand\.m2\repository\org\apache\velocity\velocity-engine-core\2.4.1\velocity-engine-core-2.4.1.jar;C:\Users\anand\.m2\repository\joda-time\joda-time\2.13.0\joda-time-2.13.0.jar;C:\Users\anand\.m2\repository\org\apache\commons\commons-configuration2\2.11.0\commons-configuration2-2.11.0.jar;C:\Users\anand\.m2\repository\commons-io\commons-io\2.17.0\commons-io-2.17.0.jar;C:\Users\anand\.m2\repository\org\apache\commons\commons-text\1.12.0\commons-text-1.12.0.jar;C:\Users\anand\.m2\repository\org\jsoup\jsoup\1.18.1\jsoup-1.18.1.jar;C:\Users\anand\.m2\repository\com\googlecode\owasp-java-html-sanitizer\owasp-java-html-sanitizer\20240325.1\owasp-java-html-sanitizer-20240325.1.jar;C:\Users\anand\.m2\repository\com\googlecode\owasp-java-html-sanitizer\java8-shim\20240325.1\java8-shim-20240325.1.jar;C:\Users\anand\.m2\repository\com\googlecode\owasp-java-html-sanitizer\java10-shim\20240325.1\java10-shim-20240325.1.jar;C:\Users\anand\.m2\repository\org\slf4j\jcl-over-slf4j\2.0.16\jcl-over-slf4j-2.0.16.jar;C:\Users\anand\.m2\repository\io\qameta\allure\allure-cucumber7-jvm\2.29.0\allure-cucumber7-jvm-2.29.0.jar;C:\Users\anand\.m2\repository\io\qameta\allure\allure-java-commons\2.29.0\allure-java-commons-2.29.0.jar;C:\Users\anand\.m2\repository\io\qameta\allure\allure-model\2.29.0\allure-model-2.29.0.jar;C:\Users\anand\.m2\repository\io\qameta\allure\allure-junit4\2.29.0\allure-junit4-2.29.0.jar;C:\Users\anand\.m2\repository\io\qameta\allure\allure-test-filter\2.29.0\allure-test-filter-2.29.0.jar;C:\Users\anand\.m2\repository\org\influxdb\influxdb-java\2.21\influxdb-java-2.21.jar;C:\Users\anand\.m2\repository\com\squareup\retrofit2\retrofit\2.9.0\retrofit-2.9.0.jar;C:\Users\anand\.m2\repository\com\squareup\retrofit2\converter-moshi\2.9.0\converter-moshi-2.9.0.jar;C:\Users\anand\.m2\repository\com\squareup\moshi\moshi\1.8.0\moshi-1.8.0.jar;C:\Users\anand\.m2\repository\org\msgpack\msgpack-core\0.8.21\msgpack-core-0.8.21.jar;C:\Users\anand\.m2\repository\com\squareup\okhttp3\okhttp\4.9.0\okhttp-4.9.0.jar;C:\Users\anand\.m2\repository\com\squareup\okio\okio\2.8.0\okio-2.8.0.jar;C:\Users\anand\.m2\repository\org\jetbrains\kotlin\kotlin-stdlib-common\1.4.0\kotlin-stdlib-common-1.4.0.jar;C:\Users\anand\.m2\repository\org\jetbrains\kotlin\kotlin-stdlib\1.4.10\kotlin-stdlib-1.4.10.jar;C:\Users\anand\.m2\repository\org\jetbrains\annotations\13.0\annotations-13.0.jar;C:\Users\anand\.m2\repository\com\squareup\okhttp3\logging-interceptor\4.9.0\logging-interceptor-4.9.0.jar;C:\Users\anand\.m2\repository\org\jetbrains\kotlin\kotlin-stdlib-jdk8\1.4.10\kotlin-stdlib-jdk8-1.4.10.jar;C:\Users\anand\.m2\repository\org\jetbrains\kotlin\kotlin-stdlib-jdk7\1.4.10\kotlin-stdlib-jdk7-1.4.10.jar;"/>
    <property name="allure.results.directory" value="C:\Users\anand\OneDrive\Desktop\Anandhi_Learning\Project\WebTestingBDD\target/allure-results"/>
    <property name="sun.cpu.endian" value="little"/>
    <property name="user.home" value="C:\Users\anand"/>
    <property name="user.language" value="en"/>
    <property name="java.specification.vendor" value="Oracle Corporation"/>
    <property name="java.version.date" value="2023-07-18"/>
    <property name="java.home" value="C:\Program Files\Java\jdk-11.0.20"/>
    <property name="file.separator" value="\"/>
    <property name="basedir" value="C:\Users\anand\OneDrive\Desktop\Anandhi_Learning\Project\WebTestingBDD"/>
    <property name="java.vm.compressedOopsMode" value="Zero based"/>
    <property name="line.separator" value="&#10;"/>
    <property name="java.specification.name" value="Java Platform API Specification"/>
    <property name="java.vm.specification.vendor" value="Oracle Corporation"/>
    <property name="java.awt.graphicsenv" value="sun.awt.Win32GraphicsEnvironment"/>
    <property name="surefire.real.class.path" value="C:\Users\anand\AppData\Local\Temp\surefire11425951543319375927\surefirebooter-20250228154450889_3.jar"/>
    <property name="user.script" value=""/>
    <property name="sun.management.compiler" value="HotSpot 64-Bit Tiered Compilers"/>
    <property name="java.runtime.version" value="11.0.20+9-LTS-256"/>
    <property name="user.name" value="anand"/>
    <property name="path.separator" value=";"/>
    <property name="os.version" value="10.0"/>
    <property name="java.runtime.name" value="Java(TM) SE Runtime Environment"/>
    <property name="file.encoding" value="UTF-8"/>
    <property name="java.vm.name" value="Java HotSpot(TM) 64-Bit Server VM"/>
    <property name="java.vendor.version" value="18.9"/>
    <property name="localRepository" value="C:\Users\anand\.m2\repository"/>
    <property name="java.vendor.url.bug" value="https://bugreport.java.com/bugreport/"/>
    <property name="java.io.tmpdir" value="C:\Users\anand\AppData\Local\Temp\"/>
    <property name="java.version" value="11.0.20"/>
    <property name="user.dir" value="C:\Users\anand\OneDrive\Desktop\Anandhi_Learning\Project\WebTestingBDD"/>
    <property name="os.arch" value="amd64"/>
    <property name="java.vm.specification.name" value="Java Virtual Machine Specification"/>
    <property name="java.awt.printerjob" value="sun.awt.windows.WPrinterJob"/>
    <property name="sun.os.patch.level" value=""/>
    <property name="java.library.path" value="C:\Program Files\Java\jdk-11.0.20\bin;C:\WINDOWS\Sun\Java\bin;C:\WINDOWS\system32;C:\WINDOWS;C:\Python313\Scripts\;C:\Python313\;C:\Program Files\Java\jdk-11.0.20\bin;C:\Program Files\Java\jdk-11.0.20\bin;C:\sqlite;C:\Users\Anandhi\EDXWebProgrammingPython\;C:\Users\anand\OneDrive\Desktop\Anandhi_Learning\QA Training\Solvd\UI Test Automation\Web driver and server\;C:\Program Files\TortoiseGit\bin;C:\Program Files\Maven\apache-maven-3.9.5\bin;C:\Python312\;C:\Python312\Scripts;C:\Program Files\Git\cmd;C:\Python310;C:\Python310\Scripts;C:\Windows\System32;C:\Windows;C:\Program Files\Docker\Docker\resources\bin;C:\ProgramData\chocolatey\bin;C:\ProgramData\chocolatey\lib\influxdb\tools;C:\influxdata\influxdb-1.8.10-1;C:\Program Files\nodejs\;C:\Program Files\Java\jdk-11.0.14\bin;C:\Users\Anandhi\EDXWebProgrammingPython\;C:\Users\anand\OneDrive\Desktop\Anandhi_Learning\QA Training\Solvd\UI Test Automation\Web driver and server\;C:\Program Files\MySQL\MySQL Shell 8.0\bin\;C:\Users\anand\AppData\Local\Programs\Microsoft VS Code\bin;C:\Python310\;C:\Python310\Scripts;C:\sqlite;C:\Users\anand\AppData\Roaming\npm;."/>
    <property name="java.vendor" value="Oracle Corporation"/>
    <property name="java.vm.info" value="mixed mode"/>
    <property name="java.vm.version" value="11.0.20+9-LTS-256"/>
    <property name="java.specification.maintenance.version" value="2"/>
    <property name="sun.io.unicode.encoding" value="UnicodeLittle"/>
    <property name="java.class.version" value="55.0"/>
  </properties>
  <testcase name="Verification of UI Elements" classname="Login Validation Feature" time="4.488">
    <system-out><![CDATA[
Scenario: Verification of UI Elements    &amp#27;[90m# src/test/java/features/LoginPageValidation.feature:3&amp#27;[0m
Browser is: chrome
Open the url for Login Page
  &amp#27;[32mGiven &amp#27;[0m&amp#27;[32mOpen the url for Login Page&amp#27;[0m      &amp#27;[90m# stepDefinition.LoginPageStepDefinition.open_the_url_for_login_page()&amp#27;[0m
verify_username_fields_is_present
  &amp#27;[32mThen &amp#27;[0m&amp#27;[32mVerify username fields is present&amp#27;[0m &amp#27;[90m# stepDefinition.LoginPageStepDefinition.verify_username_fields_is_present()&amp#27;[0m
Verify password field is present
  &amp#27;[32mAnd &amp#27;[0m&amp#27;[32mVerify password field is present&amp#27;[0m   &amp#27;[90m# stepDefinition.LoginPageStepDefinition.verify_password_field_is_present()&amp#27;[0m
Verify Login Button is present
  &amp#27;[32mAnd &amp#27;[0m&amp#27;[32mVerify Login Button is present&amp#27;[0m     &amp#27;[90m# stepDefinition.LoginPageStepDefinition.verifyLoginButtonIsPresent()&amp#27;[0m
]]></system-out>
  </testcase>
  <testcase name="Test Validation with valid Credentials" classname="Login Validation Feature" time="3.302">
    <system-out><![CDATA[
Scenario Outline: Test Validation with valid Credentials &amp#27;[90m# src/test/java/features/LoginPageValidation.feature:17&amp#27;[0m
Browser is: chrome
Open the url for Login Page
  &amp#27;[32mGiven &amp#27;[0m&amp#27;[32mOpen the url for Login Page&amp#27;[0m                      &amp#27;[90m# stepDefinition.LoginPageStepDefinition.open_the_url_for_login_page()&amp#27;[0m
  &amp#27;[32mWhen &amp#27;[0m&amp#27;[32mEnter the &amp#27;[0m&amp#27;[32m&amp#27;[1m"standard_user"&amp#27;[0m&amp#27;[32m and &amp#27;[0m&amp#27;[32m&amp#27;[1m"secret_sauce"&amp#27;[0m      &amp#27;[90m# stepDefinition.LoginPageStepDefinition.enterTheAnd(java.lang.String,java.lang.String)&amp#27;[0m
  &amp#27;[32mAnd &amp#27;[0m&amp#27;[32mClick login Button&amp#27;[0m                                 &amp#27;[90m# stepDefinition.LoginPageStepDefinition.clickLoginButton()&amp#27;[0m
  &amp#27;[32mThen &amp#27;[0m&amp#27;[32mVerify the user is directed to product Page&amp#27;[0m       &amp#27;[90m# stepDefinition.LoginPageStepDefinition.verifyTheUserIsDirectedToProductPage()&amp#27;[0m
]]></system-out>
  </testcase>
  <testcase name="Test Validation with Invalid Credentials" classname="Login Validation Feature" time="3.187">
    <system-out><![CDATA[
Scenario Outline: Test Validation with Invalid Credentials &amp#27;[90m# src/test/java/features/LoginPageValidation.feature:26&amp#27;[0m
Browser is: chrome
Open the url for Login Page
  &amp#27;[32mGiven &amp#27;[0m&amp#27;[32mOpen the url for Login Page&amp#27;[0m                        &amp#27;[90m# stepDefinition.LoginPageStepDefinition.open_the_url_for_login_page()&amp#27;[0m
  &amp#27;[32mWhen &amp#27;[0m&amp#27;[32mEnter the &amp#27;[0m&amp#27;[32m&amp#27;[1m"locked_out_user1"&amp#27;[0m&amp#27;[32m and &amp#27;[0m&amp#27;[32m&amp#27;[1m"secret_sauce"&amp#27;[0m     &amp#27;[90m# stepDefinition.LoginPageStepDefinition.enterTheAnd(java.lang.String,java.lang.String)&amp#27;[0m
  &amp#27;[32mAnd &amp#27;[0m&amp#27;[32mClick login Button&amp#27;[0m                                   &amp#27;[90m# stepDefinition.LoginPageStepDefinition.clickLoginButton()&amp#27;[0m
Error Message Epic sadface: Username and password do not match any user in this service
  &amp#27;[32mThen &amp#27;[0m&amp#27;[32mVerify the error message&amp#27;[0m                            &amp#27;[90m# stepDefinition.LoginPageStepDefinition.verifyTheErrorMessage()&amp#27;[0m
]]></system-out>
  </testcase>
  <testcase name="Verify if the Product Page Loads correctly" classname="Product Page UI Validation" time="5.02">
    <system-out><![CDATA[
Scenario: Verify if the Product Page Loads correctly &amp#27;[90m# src/test/java/features/ProductPageValidation.feature:8&amp#27;[0m
Browser is: chrome
Open the url for Login Page
  &amp#27;[32mGiven &amp#27;[0m&amp#27;[32mOpen the url for Login Page&amp#27;[0m                  &amp#27;[90m# stepDefinition.LoginPageStepDefinition.open_the_url_for_login_page()&amp#27;[0m
  &amp#27;[32mWhen &amp#27;[0m&amp#27;[32mEnter the &amp#27;[0m&amp#27;[32m&amp#27;[1m"standard_user"&amp#27;[0m&amp#27;[32m and &amp#27;[0m&amp#27;[32m&amp#27;[1m"secret_sauce"&amp#27;[0m  &amp#27;[90m# stepDefinition.LoginPageStepDefinition.enterTheAnd(java.lang.String,java.lang.String)&amp#27;[0m
  &amp#27;[32mAnd &amp#27;[0m&amp#27;[32mClick login Button&amp#27;[0m                             &amp#27;[90m# stepDefinition.LoginPageStepDefinition.clickLoginButton()&amp#27;[0m
  &amp#27;[32mThen &amp#27;[0m&amp#27;[32mVerify the user is directed to product Page&amp#27;[0m   &amp#27;[90m# stepDefinition.LoginPageStepDefinition.verifyTheUserIsDirectedToProductPage()&amp#27;[0m
  &amp#27;[32mAnd &amp#27;[0m&amp#27;[32mVerify if all product images are loaded&amp#27;[0m        &amp#27;[90m# stepDefinition.ProductPageStepDefinition.verifyIfAllProductImagesAreLoaded()&amp#27;[0m
  &amp#27;[32mAnd &amp#27;[0m&amp#27;[32mVerify if all product names are loaded&amp#27;[0m         &amp#27;[90m# stepDefinition.ProductPageStepDefinition.verifyIfAllProductNamesAreLoaded()&amp#27;[0m
  &amp#27;[32mAnd &amp#27;[0m&amp#27;[32mVerify if all product prices are loaded&amp#27;[0m        &amp#27;[90m# stepDefinition.ProductPageStepDefinition.verifyIfAllProductPricesAreLoaded()&amp#27;[0m
ImHere
  &amp#27;[32mAnd &amp#27;[0m&amp#27;[32mVerify if all product addToCarts are loaded&amp#27;[0m    &amp#27;[90m# stepDefinition.ProductPageStepDefinition.verifyIfAllProductAddToCartsAreLoaded()&amp#27;[0m
]]></system-out>
  </testcase>
  <testcase name="Add the products to the cart" classname="Product Page UI Validation" time="4.365">
    <system-out><![CDATA[
Scenario: Add the products to the cart                &amp#27;[90m# src/test/java/features/ProductPageValidation.feature:15&amp#27;[0m
Browser is: chrome
Open the url for Login Page
  &amp#27;[32mGiven &amp#27;[0m&amp#27;[32mOpen the url for Login Page&amp#27;[0m                   &amp#27;[90m# stepDefinition.LoginPageStepDefinition.open_the_url_for_login_page()&amp#27;[0m
  &amp#27;[32mWhen &amp#27;[0m&amp#27;[32mEnter the &amp#27;[0m&amp#27;[32m&amp#27;[1m"standard_user"&amp#27;[0m&amp#27;[32m and &amp#27;[0m&amp#27;[32m&amp#27;[1m"secret_sauce"&amp#27;[0m   &amp#27;[90m# stepDefinition.LoginPageStepDefinition.enterTheAnd(java.lang.String,java.lang.String)&amp#27;[0m
  &amp#27;[32mAnd &amp#27;[0m&amp#27;[32mClick login Button&amp#27;[0m                              &amp#27;[90m# stepDefinition.LoginPageStepDefinition.clickLoginButton()&amp#27;[0m
  &amp#27;[32mWhen &amp#27;[0m&amp#27;[32mChoose the following products:&amp#27;[0m                 &amp#27;[90m# stepDefinition.ProductPageStepDefinition.choose_the_following_products(io.cucumber.datatable.DataTable)&amp#27;[0m
    | product             |
    | Sauce Labs Backpack |
    | Sauce Labs Onesie   |
chk for icon count
  &amp#27;[32mThen &amp#27;[0m&amp#27;[32mVerify if cart icon properly updates the count&amp#27;[0m &amp#27;[90m# stepDefinition.ProductPageStepDefinition.verifyIfCartIconProperlyUpdatesTheCount()&amp#27;[0m
click cart icon
  &amp#27;[32mAnd &amp#27;[0m&amp#27;[32mClick cart icon&amp#27;[0m                                 &amp#27;[90m# stepDefinition.ProductPageStepDefinition.clickCartIcon()&amp#27;[0m
products added
  &amp#27;[32mThen &amp#27;[0m&amp#27;[32mVerify if all the products added&amp#27;[0m               &amp#27;[90m# stepDefinition.ProductPageStepDefinition.verifyIfAllTheProductsAdded()&amp#27;[0m
]]></system-out>
  </testcase>
  <testcase name="Cart Page Validation" classname="Product Page UI Validation" time="3.595">
    <system-out><![CDATA[
Scenario: Cart Page Validation                      &amp#27;[90m# src/test/java/features/ProductPageValidation.feature:24&amp#27;[0m
Browser is: chrome
Open the url for Login Page
  &amp#27;[32mGiven &amp#27;[0m&amp#27;[32mOpen the url for Login Page&amp#27;[0m                 &amp#27;[90m# stepDefinition.LoginPageStepDefinition.open_the_url_for_login_page()&amp#27;[0m
  &amp#27;[32mWhen &amp#27;[0m&amp#27;[32mEnter the &amp#27;[0m&amp#27;[32m&amp#27;[1m"standard_user"&amp#27;[0m&amp#27;[32m and &amp#27;[0m&amp#27;[32m&amp#27;[1m"secret_sauce"&amp#27;[0m &amp#27;[90m# stepDefinition.LoginPageStepDefinition.enterTheAnd(java.lang.String,java.lang.String)&amp#27;[0m
  &amp#27;[32mAnd &amp#27;[0m&amp#27;[32mClick login Button&amp#27;[0m                            &amp#27;[90m# stepDefinition.LoginPageStepDefinition.clickLoginButton()&amp#27;[0m
click cart icon
  &amp#27;[32mAnd &amp#27;[0m&amp#27;[32mClick cart icon&amp#27;[0m                               &amp#27;[90m# stepDefinition.ProductPageStepDefinition.clickCartIcon()&amp#27;[0m
  &amp#27;[32mThen &amp#27;[0m&amp#27;[32mVerify all the products name and price&amp#27;[0m       &amp#27;[90m# stepDefinition.ProductPageStepDefinition.verifyAllTheProductsNameAndPrice()&amp#27;[0m
Verify the total amount
  &amp#27;[32mAnd &amp#27;[0m&amp#27;[32mVerify the total amount&amp#27;[0m                       &amp#27;[90m# stepDefinition.ProductPageStepDefinition.verifyTheTotalAmount()&amp#27;[0m
  &amp#27;[32mAnd &amp#27;[0m&amp#27;[32mVerify the checkout button is present&amp#27;[0m         &amp#27;[90m# stepDefinition.ProductPageStepDefinition.verifyTheCheckoutButtonIsPresent()&amp#27;[0m
]]></system-out>
  </testcase>
</testsuite>